{
  "RSpec": {
    "coverage": {
      "/Users/soumyaray/Sync/Dropbox/ossdev/classes/SOA-class/projects/soa2025/api-codepraise-2025/require_app.rb": {
        "lines": [
          null,
          null,
          null,
          null,
          null,
          null,
          null,
          null,
          1,
          5,
          1,
          null,
          1,
          56,
          null,
          null
        ]
      },
      "/Users/soumyaray/Sync/Dropbox/ossdev/classes/SOA-class/projects/soa2025/api-codepraise-2025/config/environment.rb": {
        "lines": [
          null,
          null,
          1,
          1,
          1,
          1,
          1,
          1,
          1,
          null,
          1,
          null,
          1,
          1,
          null,
          null,
          1,
          null,
          null,
          null,
          1,
          1,
          null,
          1,
          0,
          null,
          null,
          null,
          1,
          0,
          null,
          null,
          null,
          null,
          null,
          1,
          0,
          null,
          null,
          null,
          null,
          null,
          null,
          1,
          0,
          0,
          0,
          null,
          null,
          null,
          1,
          1,
          1,
          null,
          null,
          null,
          1,
          1,
          null,
          null,
          1,
          0,
          0,
          null,
          null,
          null,
          1,
          1,
          2,
          null,
          null,
          null,
          1,
          1,
          1,
          null,
          null,
          1,
          1,
          null,
          null,
          null
        ]
      },
      "/Users/soumyaray/Sync/Dropbox/ossdev/classes/SOA-class/projects/soa2025/api-codepraise-2025/app/domain/contributions/entities/contributor.rb": {
        "lines": [
          null,
          null,
          1,
          1,
          null,
          1,
          1,
          null,
          1,
          1,
          null,
          1,
          1,
          null,
          null,
          1,
          7555,
          null,
          null,
          null,
          1,
          null,
          null,
          1,
          6940,
          null,
          null,
          null,
          null
        ]
      },
      "/Users/soumyaray/Sync/Dropbox/ossdev/classes/SOA-class/projects/soa2025/api-codepraise-2025/app/domain/contributions/entities/file_contributions.rb": {
        "lines": [
          null,
          null,
          1,
          1,
          null,
          1,
          1,
          null,
          1,
          1,
          null,
          1,
          null,
          1,
          190,
          190,
          null,
          null,
          1,
          711,
          null,
          null,
          1,
          199,
          null,
          null,
          1,
          711,
          null,
          711,
          null,
          5360,
          null,
          null,
          null,
          1,
          66,
          null,
          null,
          1,
          null,
          1,
          1,
          null,
          null,
          null
        ]
      },
      "/Users/soumyaray/Sync/Dropbox/ossdev/classes/SOA-class/projects/soa2025/api-codepraise-2025/app/domain/contributions/lib/contributions_calculator.rb": {
        "lines": [
          null,
          null,
          1,
          1,
          null,
          1,
          1,
          199,
          null,
          null,
          1,
          0,
          null,
          null,
          1,
          0,
          null,
          null,
          1,
          0,
          null,
          null,
          1,
          0,
          null,
          0,
          null,
          null,
          null,
          null
        ]
      },
      "/Users/soumyaray/Sync/Dropbox/ossdev/classes/SOA-class/projects/soa2025/api-codepraise-2025/app/domain/contributions/values/code_language.rb": {
        "lines": [
          null,
          null,
          null,
          1,
          1,
          1,
          1,
          1,
          null,
          null,
          1,
          null,
          1,
          8,
          null,
          null,
          1,
          6581,
          null,
          null,
          1,
          0,
          null,
          null,
          1,
          1,
          null,
          1,
          9,
          null,
          null,
          1,
          5360,
          null,
          null,
          1,
          0,
          null,
          null,
          1,
          11870,
          null,
          null,
          null,
          1,
          1,
          null,
          1,
          1,
          8,
          8,
          8,
          null,
          8,
          null,
          null,
          null,
          1,
          1,
          null,
          null,
          null,
          1,
          1,
          null,
          1,
          null,
          1,
          1,
          1,
          null,
          null,
          1,
          1,
          null,
          1,
          null,
          1,
          1,
          1,
          null,
          null,
          1,
          1,
          null,
          1,
          null,
          1,
          1,
          1,
          null,
          null,
          1,
          1,
          null,
          1,
          null,
          1,
          1,
          null,
          null,
          1,
          1,
          null,
          1,
          null,
          1,
          1,
          null,
          null,
          1,
          1,
          null,
          1,
          null,
          1,
          1,
          null,
          null,
          1,
          1,
          null,
          1,
          null,
          1,
          1,
          null,
          null,
          1,
          1,
          null,
          1,
          null,
          1,
          1,
          null,
          null,
          1,
          1,
          null,
          1,
          null,
          1,
          1,
          null,
          1,
          null,
          null,
          1,
          null,
          null,
          null,
          null
        ]
      },
      "/Users/soumyaray/Sync/Dropbox/ossdev/classes/SOA-class/projects/soa2025/api-codepraise-2025/app/domain/contributions/entities/folder_contributions.rb": {
        "lines": [
          null,
          null,
          1,
          1,
          null,
          1,
          1,
          null,
          1,
          null,
          1,
          48,
          null,
          48,
          48,
          48,
          48,
          null,
          null,
          1,
          17,
          null,
          null,
          1,
          17,
          null,
          null,
          1,
          0,
          null,
          null,
          1,
          17,
          null,
          null,
          1,
          17,
          null,
          null,
          1,
          58,
          null,
          null,
          1,
          17,
          null,
          null,
          1,
          null,
          1,
          584,
          null,
          null,
          1,
          48,
          null,
          null,
          1,
          48,
          387,
          190,
          null,
          null,
          1,
          48,
          null,
          197,
          197,
          null,
          null,
          null,
          1,
          48,
          43,
          null,
          null,
          91,
          null,
          null,
          null,
          null
        ]
      },
      "/Users/soumyaray/Sync/Dropbox/ossdev/classes/SOA-class/projects/soa2025/api-codepraise-2025/app/domain/contributions/entities/line_contribution.rb": {
        "lines": [
          null,
          null,
          1,
          1,
          null,
          1,
          null,
          1,
          1,
          null,
          1,
          1,
          1,
          null,
          1,
          null,
          1,
          5360,
          5360,
          5360,
          5360,
          null,
          null,
          1,
          11870,
          null,
          null,
          null,
          null
        ]
      },
      "/Users/soumyaray/Sync/Dropbox/ossdev/classes/SOA-class/projects/soa2025/api-codepraise-2025/app/domain/contributions/lib/types.rb": {
        "lines": [
          null,
          null,
          1,
          1,
          null,
          1,
          1,
          139,
          null,
          null,
          null,
          null,
          1,
          1,
          1845,
          null,
          null,
          null,
          null
        ]
      },
      "/Users/soumyaray/Sync/Dropbox/ossdev/classes/SOA-class/projects/soa2025/api-codepraise-2025/app/domain/contributions/values/contributors.rb": {
        "lines": [
          1,
          1,
          null,
          1,
          1,
          null,
          1,
          356,
          null,
          null,
          null,
          null,
          null,
          1,
          null,
          356,
          356,
          null,
          356,
          null,
          1091,
          1091,
          null,
          1091,
          null,
          0,
          0,
          0,
          0,
          0,
          0,
          null,
          1091,
          null,
          86,
          86,
          86,
          null,
          null,
          1005,
          1005,
          1005,
          null,
          null,
          null,
          356,
          null,
          null,
          null,
          null,
          null
        ]
      },
      "/Users/soumyaray/Sync/Dropbox/ossdev/classes/SOA-class/projects/soa2025/api-codepraise-2025/app/domain/contributions/values/credit_share.rb": {
        "lines": [
          null,
          null,
          1,
          1,
          null,
          1,
          null,
          1,
          1,
          null,
          1,
          546,
          546,
          null,
          null,
          null,
          1,
          0,
          null,
          null,
          1,
          0,
          null,
          null,
          1,
          0,
          null,
          null,
          1,
          0,
          null,
          null,
          1,
          null,
          1,
          0,
          null,
          null,
          1,
          199,
          null,
          null,
          1,
          6365,
          6365,
          6365,
          6365,
          null,
          null,
          1,
          356,
          null,
          null,
          null,
          356,
          446,
          null,
          null,
          356,
          1005,
          2096,
          1005,
          null,
          null,
          null,
          1,
          7,
          3,
          null,
          null,
          1,
          3,
          null,
          null,
          1,
          null,
          1,
          13305,
          null,
          null,
          null,
          null,
          1,
          0,
          0,
          null,
          0,
          null,
          null,
          null,
          null,
          null,
          null
        ]
      },
      "/Users/soumyaray/Sync/Dropbox/ossdev/classes/SOA-class/projects/soa2025/api-codepraise-2025/app/domain/contributions/values/file_path.rb": {
        "lines": [
          null,
          null,
          1,
          null,
          1,
          1,
          null,
          1,
          null,
          1,
          null,
          1,
          null,
          1,
          836,
          836,
          null,
          null,
          1,
          13036,
          null,
          null,
          1,
          6527,
          null,
          6509,
          null,
          null,
          1,
          456,
          null,
          null,
          1,
          null,
          197,
          null,
          197,
          197,
          null,
          null,
          1,
          null,
          1,
          836,
          836,
          836,
          null,
          null,
          null,
          null,
          null
        ]
      },
      "/Users/soumyaray/Sync/Dropbox/ossdev/classes/SOA-class/projects/soa2025/api-codepraise-2025/app/domain/projects/entities/member.rb": {
        "lines": [
          null,
          null,
          1,
          1,
          null,
          1,
          1,
          null,
          1,
          1,
          null,
          1,
          1,
          1,
          1,
          null,
          1,
          57,
          null,
          null,
          null,
          null
        ]
      },
      "/Users/soumyaray/Sync/Dropbox/ossdev/classes/SOA-class/projects/soa2025/api-codepraise-2025/app/domain/projects/entities/project.rb": {
        "lines": [
          null,
          null,
          1,
          1,
          null,
          1,
          null,
          1,
          1,
          null,
          1,
          1,
          null,
          1,
          null,
          1,
          1,
          1,
          1,
          1,
          1,
          1,
          1,
          null,
          1,
          5,
          null,
          null,
          1,
          3,
          null,
          null,
          1,
          null,
          15,
          null,
          null,
          null,
          null
        ]
      },
      "/Users/soumyaray/Sync/Dropbox/ossdev/classes/SOA-class/projects/soa2025/api-codepraise-2025/app/infrastructure/cache/local_cache.rb": {
        "lines": [
          null,
          null,
          1,
          null,
          1,
          1,
          null,
          1,
          1,
          5,
          5,
          null,
          null,
          1,
          13,
          null,
          null,
          1,
          2,
          null,
          null,
          1,
          null,
          1,
          5,
          null,
          null,
          null,
          null
        ]
      },
      "/Users/soumyaray/Sync/Dropbox/ossdev/classes/SOA-class/projects/soa2025/api-codepraise-2025/app/infrastructure/cache/redis_cache.rb": {
        "lines": [
          null,
          null,
          1,
          null,
          1,
          1,
          null,
          1,
          1,
          0,
          null,
          null,
          1,
          0,
          null,
          null,
          1,
          0,
          null,
          null,
          null,
          null
        ]
      },
      "/Users/soumyaray/Sync/Dropbox/ossdev/classes/SOA-class/projects/soa2025/api-codepraise-2025/app/infrastructure/database/orm/member_orm.rb": {
        "lines": [
          null,
          null,
          1,
          null,
          1,
          1,
          null,
          1,
          1,
          null,
          null,
          null,
          1,
          null,
          null,
          null,
          null,
          1,
          null,
          1,
          56,
          null,
          null,
          null,
          null
        ]
      },
      "/Users/soumyaray/Sync/Dropbox/ossdev/classes/SOA-class/projects/soa2025/api-codepraise-2025/app/infrastructure/database/orm/project_orm.rb": {
        "lines": [
          null,
          null,
          1,
          null,
          1,
          1,
          null,
          1,
          1,
          null,
          null,
          1,
          null,
          null,
          null,
          null,
          1,
          null,
          null,
          null
        ]
      },
      "/Users/soumyaray/Sync/Dropbox/ossdev/classes/SOA-class/projects/soa2025/api-codepraise-2025/app/infrastructure/database/repositories/for.rb": {
        "lines": [
          null,
          null,
          1,
          1,
          null,
          1,
          1,
          null,
          1,
          null,
          1,
          null,
          null,
          null,
          1,
          25,
          null,
          null,
          1,
          14,
          null,
          null,
          null,
          null
        ]
      },
      "/Users/soumyaray/Sync/Dropbox/ossdev/classes/SOA-class/projects/soa2025/api-codepraise-2025/app/infrastructure/database/repositories/members.rb": {
        "lines": [
          null,
          null,
          1,
          1,
          null,
          1,
          1,
          0,
          null,
          null,
          1,
          0,
          null,
          null,
          1,
          92,
          null,
          92,
          null,
          null,
          null,
          null,
          null,
          null,
          null,
          1,
          23,
          69,
          null,
          null,
          null,
          1,
          56,
          null,
          null,
          null,
          null
        ]
      },
      "/Users/soumyaray/Sync/Dropbox/ossdev/classes/SOA-class/projects/soa2025/api-codepraise-2025/app/infrastructure/database/repositories/projects.rb": {
        "lines": [
          null,
          null,
          1,
          null,
          1,
          1,
          null,
          1,
          1,
          0,
          null,
          null,
          1,
          null,
          null,
          null,
          null,
          24,
          null,
          null,
          null,
          null,
          24,
          null,
          null,
          1,
          5,
          4,
          4,
          null,
          null,
          null,
          1,
          14,
          null,
          null,
          1,
          0,
          0,
          null,
          null,
          1,
          14,
          14,
          null,
          null,
          1,
          14,
          null,
          14,
          14,
          null,
          null,
          1,
          52,
          null,
          23,
          null,
          null,
          null,
          null,
          null,
          null,
          null,
          null,
          1,
          1,
          14,
          null,
          null,
          1,
          14,
          null,
          null,
          1,
          14,
          null,
          14,
          14,
          null,
          14,
          42,
          null,
          null,
          null,
          null,
          null,
          null,
          null
        ]
      },
      "/Users/soumyaray/Sync/Dropbox/ossdev/classes/SOA-class/projects/soa2025/api-codepraise-2025/app/infrastructure/git/gateway/git_command.rb": {
        "lines": [
          null,
          null,
          1,
          1,
          null,
          1,
          1,
          null,
          1,
          194,
          194,
          194,
          194,
          null,
          null,
          1,
          3,
          3,
          3,
          null,
          null,
          1,
          191,
          191,
          191,
          null,
          null,
          1,
          191,
          191,
          null,
          null,
          1,
          3,
          3,
          null,
          null,
          1,
          3,
          3,
          null,
          null,
          1,
          388,
          null,
          null,
          1,
          194,
          null,
          null,
          null,
          null,
          null,
          1,
          190,
          null,
          null,
          1,
          2,
          10,
          null,
          null,
          null,
          null,
          null
        ]
      },
      "/Users/soumyaray/Sync/Dropbox/ossdev/classes/SOA-class/projects/soa2025/api-codepraise-2025/app/infrastructure/git/mappers/blame_contributor.rb": {
        "lines": [
          null,
          null,
          1,
          1,
          null,
          1,
          1,
          5360,
          5360,
          null,
          null,
          1,
          5360,
          null,
          null,
          null,
          null,
          null,
          null,
          1,
          null,
          1,
          5360,
          null,
          null,
          null,
          null
        ]
      },
      "/Users/soumyaray/Sync/Dropbox/ossdev/classes/SOA-class/projects/soa2025/api-codepraise-2025/app/infrastructure/git/mappers/contributions_mapper.rb": {
        "lines": [
          null,
          null,
          1,
          1,
          null,
          1,
          1,
          6,
          null,
          null,
          1,
          6,
          null,
          5,
          null,
          null,
          null,
          null,
          null,
          1,
          1,
          5,
          190,
          null,
          null,
          null,
          null,
          1,
          1,
          190,
          190,
          190,
          null,
          null,
          null,
          null,
          null
        ]
      },
      "/Users/soumyaray/Sync/Dropbox/ossdev/classes/SOA-class/projects/soa2025/api-codepraise-2025/app/infrastructure/git/mappers/file_contributions_mapper.rb": {
        "lines": [
          null,
          null,
          1,
          null,
          1,
          1,
          null,
          1,
          1,
          190,
          null,
          null,
          1,
          190,
          null,
          null,
          null,
          null,
          null,
          1,
          null,
          1,
          380,
          null,
          null,
          1,
          5360,
          null,
          null,
          1,
          190,
          null,
          null,
          1,
          190,
          5360,
          null,
          null,
          null,
          null,
          null,
          1,
          1,
          5360,
          5360,
          5360,
          null,
          null,
          1,
          1,
          1,
          1,
          1,
          null,
          1,
          5360,
          null,
          null,
          null,
          1,
          null,
          1,
          5360,
          null,
          null,
          null,
          null
        ]
      },
      "/Users/soumyaray/Sync/Dropbox/ossdev/classes/SOA-class/projects/soa2025/api-codepraise-2025/app/infrastructure/git/mappers/folder_contributions_mapper.rb": {
        "lines": [
          null,
          null,
          1,
          null,
          1,
          1,
          null,
          1,
          1,
          null,
          null,
          1,
          5,
          5,
          null,
          null,
          1,
          5,
          null,
          null,
          null,
          null,
          null,
          1,
          5,
          190,
          null,
          null,
          null,
          null,
          null
        ]
      },
      "/Users/soumyaray/Sync/Dropbox/ossdev/classes/SOA-class/projects/soa2025/api-codepraise-2025/app/infrastructure/git/mappers/porcelain_parser.rb": {
        "lines": [
          null,
          null,
          1,
          1,
          null,
          1,
          1,
          1,
          null,
          1,
          190,
          5360,
          null,
          null,
          1,
          190,
          190,
          null,
          0,
          0,
          null,
          null,
          null,
          1,
          5360,
          null,
          5360,
          null,
          null,
          null,
          5360,
          56896,
          56896,
          null,
          null,
          5360,
          null,
          null,
          1,
          5360,
          5360,
          5360,
          null,
          null,
          1,
          56896,
          null,
          null,
          null,
          null
        ]
      },
      "/Users/soumyaray/Sync/Dropbox/ossdev/classes/SOA-class/projects/soa2025/api-codepraise-2025/app/infrastructure/git/repositories/blame_reporter.rb": {
        "lines": [
          null,
          null,
          1,
          null,
          1,
          null,
          1,
          1,
          null,
          1,
          1,
          6,
          6,
          6,
          null,
          null,
          1,
          6,
          null,
          5,
          5,
          190,
          null,
          null,
          null,
          null,
          1,
          11,
          6,
          3,
          null,
          186,
          null,
          null,
          null,
          null,
          null
        ]
      },
      "/Users/soumyaray/Sync/Dropbox/ossdev/classes/SOA-class/projects/soa2025/api-codepraise-2025/app/infrastructure/git/repositories/repo_file.rb": {
        "lines": [
          null,
          null,
          1,
          1,
          null,
          1,
          1,
          null,
          1,
          190,
          null,
          null,
          1,
          190,
          null,
          null,
          null,
          null,
          null,
          null,
          null
        ]
      },
      "/Users/soumyaray/Sync/Dropbox/ossdev/classes/SOA-class/projects/soa2025/api-codepraise-2025/app/infrastructure/git/repositories/git_repo.rb": {
        "lines": [
          null,
          null,
          1,
          null,
          1,
          1,
          1,
          1,
          1,
          null,
          null,
          1,
          8,
          8,
          8,
          null,
          null,
          1,
          6,
          null,
          null,
          null,
          1,
          1,
          null,
          null,
          1,
          16,
          null,
          null,
          null,
          1,
          3,
          2,
          null,
          12,
          null,
          null,
          null
        ]
      },
      "/Users/soumyaray/Sync/Dropbox/ossdev/classes/SOA-class/projects/soa2025/api-codepraise-2025/app/infrastructure/git/repositories/local_repo.rb": {
        "lines": [
          null,
          null,
          1,
          null,
          1,
          1,
          1,
          null,
          1,
          null,
          null,
          null,
          1,
          1,
          1,
          null,
          1,
          null,
          1,
          8,
          8,
          null,
          null,
          1,
          12,
          2,
          null,
          null,
          1,
          6,
          null,
          6,
          6,
          552,
          null,
          null,
          null,
          null,
          1,
          11,
          22,
          null,
          null,
          1,
          33,
          null,
          null,
          null,
          1,
          1,
          null,
          null,
          1,
          null,
          1,
          17,
          null,
          null,
          1,
          0,
          null,
          null,
          null,
          null
        ]
      },
      "/Users/soumyaray/Sync/Dropbox/ossdev/classes/SOA-class/projects/soa2025/api-codepraise-2025/app/infrastructure/git/repositories/remote_repo.rb": {
        "lines": [
          null,
          null,
          1,
          null,
          1,
          1,
          null,
          null,
          null,
          null,
          null,
          null,
          1,
          1,
          null,
          1,
          8,
          null,
          null,
          1,
          8,
          null,
          null,
          1,
          2,
          null,
          null,
          null,
          null,
          null,
          null,
          null,
          null
        ]
      },
      "/Users/soumyaray/Sync/Dropbox/ossdev/classes/SOA-class/projects/soa2025/api-codepraise-2025/app/infrastructure/github/gateways/github_api.rb": {
        "lines": [
          null,
          null,
          1,
          null,
          1,
          1,
          null,
          1,
          1,
          null,
          1,
          51,
          null,
          null,
          1,
          28,
          null,
          null,
          null,
          null,
          1,
          23,
          null,
          null,
          null,
          1,
          1,
          28,
          28,
          null,
          null,
          1,
          28,
          null,
          null,
          null,
          null,
          1,
          1,
          51,
          null,
          null,
          1,
          51,
          null,
          null,
          null,
          null,
          50,
          50,
          null,
          null,
          null,
          null,
          null,
          1,
          1,
          1,
          null,
          null,
          1,
          null,
          null,
          null,
          1,
          50,
          null,
          null,
          1,
          4,
          null,
          null,
          null,
          null,
          null
        ]
      },
      "/Users/soumyaray/Sync/Dropbox/ossdev/classes/SOA-class/projects/soa2025/api-codepraise-2025/app/infrastructure/github/mappers/member_mapper.rb": {
        "lines": [
          null,
          null,
          1,
          null,
          1,
          null,
          1,
          1,
          23,
          23,
          23,
          null,
          null,
          1,
          23,
          69,
          null,
          null,
          null,
          1,
          92,
          null,
          null,
          null,
          1,
          1,
          92,
          null,
          null,
          1,
          92,
          null,
          null,
          null,
          null,
          null,
          null,
          null,
          1,
          null,
          1,
          92,
          null,
          null,
          1,
          92,
          null,
          null,
          1,
          92,
          null,
          null,
          null,
          null,
          null
        ]
      },
      "/Users/soumyaray/Sync/Dropbox/ossdev/classes/SOA-class/projects/soa2025/api-codepraise-2025/app/infrastructure/github/mappers/project_mapper.rb": {
        "lines": [
          null,
          null,
          1,
          null,
          1,
          1,
          null,
          1,
          1,
          28,
          28,
          28,
          null,
          null,
          1,
          28,
          23,
          null,
          null,
          1,
          23,
          null,
          null,
          null,
          1,
          1,
          23,
          23,
          null,
          null,
          null,
          null,
          1,
          23,
          null,
          null,
          null,
          null,
          null,
          null,
          null,
          null,
          null,
          null,
          null,
          1,
          23,
          null,
          null,
          1,
          23,
          null,
          null,
          1,
          23,
          null,
          null,
          1,
          23,
          null,
          null,
          1,
          23,
          null,
          null,
          1,
          23,
          null,
          null,
          1,
          23,
          null,
          null,
          null,
          null,
          null
        ]
      },
      "/Users/soumyaray/Sync/Dropbox/ossdev/classes/SOA-class/projects/soa2025/api-codepraise-2025/app/presentation/representers/contributor_representer.rb": {
        "lines": [
          null,
          null,
          1,
          1,
          null,
          1,
          1,
          null,
          1,
          1,
          null,
          1,
          1,
          null,
          null,
          null
        ]
      },
      "/Users/soumyaray/Sync/Dropbox/ossdev/classes/SOA-class/projects/soa2025/api-codepraise-2025/app/presentation/representers/credit_share_representer.rb": {
        "lines": [
          null,
          null,
          1,
          1,
          1,
          null,
          1,
          null,
          1,
          1,
          null,
          1,
          1,
          null,
          1,
          1,
          null,
          null,
          null,
          null
        ]
      },
      "/Users/soumyaray/Sync/Dropbox/ossdev/classes/SOA-class/projects/soa2025/api-codepraise-2025/app/presentation/representers/file_contributions_representer.rb": {
        "lines": [
          null,
          null,
          1,
          1,
          1,
          null,
          1,
          1,
          1,
          1,
          null,
          1,
          1,
          null,
          1,
          1,
          null,
          1,
          1,
          1,
          1,
          1,
          null,
          null,
          null
        ]
      },
      "/Users/soumyaray/Sync/Dropbox/ossdev/classes/SOA-class/projects/soa2025/api-codepraise-2025/app/presentation/representers/file_path_representer.rb": {
        "lines": [
          null,
          null,
          1,
          1,
          null,
          1,
          null,
          1,
          1,
          null,
          1,
          1,
          null,
          1,
          1,
          null,
          null,
          null
        ]
      },
      "/Users/soumyaray/Sync/Dropbox/ossdev/classes/SOA-class/projects/soa2025/api-codepraise-2025/app/presentation/representers/line_contribution_representer.rb": {
        "lines": [
          null,
          null,
          1,
          1,
          1,
          null,
          1,
          null,
          1,
          1,
          null,
          1,
          1,
          null,
          1,
          1,
          1,
          1,
          1,
          1,
          null,
          null,
          null
        ]
      },
      "/Users/soumyaray/Sync/Dropbox/ossdev/classes/SOA-class/projects/soa2025/api-codepraise-2025/app/presentation/representers/folder_contributions_representer.rb": {
        "lines": [
          null,
          null,
          1,
          1,
          1,
          null,
          1,
          1,
          1,
          1,
          null,
          1,
          1,
          null,
          1,
          1,
          null,
          1,
          1,
          1,
          1,
          1,
          1,
          1,
          1,
          1,
          null,
          null,
          null
        ]
      },
      "/Users/soumyaray/Sync/Dropbox/ossdev/classes/SOA-class/projects/soa2025/api-codepraise-2025/app/presentation/representers/http_response_representer.rb": {
        "lines": [
          null,
          null,
          1,
          1,
          null,
          1,
          1,
          null,
          null,
          null,
          null,
          null,
          1,
          1,
          null,
          1,
          1,
          null,
          1,
          null,
          null,
          null,
          null,
          null,
          null,
          null,
          null,
          null,
          null,
          null,
          null,
          null,
          null,
          1,
          11,
          null,
          null,
          null,
          null
        ]
      },
      "/Users/soumyaray/Sync/Dropbox/ossdev/classes/SOA-class/projects/soa2025/api-codepraise-2025/app/presentation/representers/member_representer.rb": {
        "lines": [
          null,
          null,
          1,
          1,
          null,
          1,
          1,
          null,
          null,
          null,
          null,
          1,
          1,
          null,
          1,
          1,
          1,
          null,
          null,
          null
        ]
      },
      "/Users/soumyaray/Sync/Dropbox/ossdev/classes/SOA-class/projects/soa2025/api-codepraise-2025/app/presentation/representers/openstruct_with_links.rb": {
        "lines": [
          null,
          null,
          1,
          null,
          1,
          1,
          null,
          1,
          1,
          null,
          null,
          null
        ]
      },
      "/Users/soumyaray/Sync/Dropbox/ossdev/classes/SOA-class/projects/soa2025/api-codepraise-2025/app/presentation/representers/project_folder_contributions_representer.rb": {
        "lines": [
          null,
          null,
          1,
          1,
          1,
          null,
          1,
          1,
          null,
          1,
          1,
          null,
          1,
          1,
          null,
          1,
          1,
          null,
          null,
          null
        ]
      },
      "/Users/soumyaray/Sync/Dropbox/ossdev/classes/SOA-class/projects/soa2025/api-codepraise-2025/app/presentation/representers/project_representer.rb": {
        "lines": [
          null,
          null,
          1,
          1,
          1,
          null,
          1,
          null,
          null,
          1,
          1,
          null,
          1,
          1,
          1,
          1,
          null,
          1,
          1,
          1,
          1,
          1,
          1,
          1,
          1,
          null,
          1,
          4,
          null,
          null,
          1,
          null,
          1,
          4,
          null,
          null,
          1,
          4,
          null,
          null,
          null,
          null
        ]
      },
      "/Users/soumyaray/Sync/Dropbox/ossdev/classes/SOA-class/projects/soa2025/api-codepraise-2025/app/presentation/representers/projects_representer.rb": {
        "lines": [
          null,
          null,
          1,
          1,
          null,
          1,
          1,
          null,
          1,
          1,
          null,
          1,
          1,
          null,
          1,
          null,
          null,
          null,
          null
        ]
      },
      "/Users/soumyaray/Sync/Dropbox/ossdev/classes/SOA-class/projects/soa2025/api-codepraise-2025/app/presentation/responses/api_result.rb": {
        "lines": [
          null,
          null,
          1,
          1,
          1,
          null,
          null,
          null,
          1,
          null,
          null,
          null,
          null,
          1,
          null,
          null,
          1,
          1,
          29,
          null,
          28,
          null,
          null,
          null,
          null
        ]
      },
      "/Users/soumyaray/Sync/Dropbox/ossdev/classes/SOA-class/projects/soa2025/api-codepraise-2025/app/presentation/responses/project_folder_contributions.rb": {
        "lines": [
          null,
          null,
          1,
          1,
          null,
          1,
          null,
          null
        ]
      },
      "/Users/soumyaray/Sync/Dropbox/ossdev/classes/SOA-class/projects/soa2025/api-codepraise-2025/app/presentation/responses/projects_list.rb": {
        "lines": [
          null,
          null,
          1,
          1,
          null,
          1,
          null,
          null
        ]
      },
      "/Users/soumyaray/Sync/Dropbox/ossdev/classes/SOA-class/projects/soa2025/api-codepraise-2025/app/application/controllers/app.rb": {
        "lines": [
          null,
          null,
          1,
          1,
          null,
          1,
          null,
          1,
          1,
          1,
          null,
          null,
          null,
          null,
          1,
          11,
          null,
          null,
          11,
          1,
          null,
          1,
          null,
          null,
          null,
          1,
          1,
          null,
          null,
          10,
          10,
          10,
          null,
          7,
          5,
          null,
          5,
          null,
          null,
          null,
          5,
          null,
          5,
          3,
          3,
          null,
          null,
          2,
          2,
          null,
          2,
          null,
          null,
          null,
          null,
          null,
          2,
          2,
          null,
          null,
          null,
          2,
          1,
          1,
          null,
          null,
          1,
          1,
          1,
          null,
          null,
          null,
          3,
          null,
          3,
          3,
          3,
          null,
          3,
          1,
          1,
          null,
          null,
          2,
          2,
          2,
          null,
          null,
          null,
          null,
          null,
          null,
          null
        ]
      },
      "/Users/soumyaray/Sync/Dropbox/ossdev/classes/SOA-class/projects/soa2025/api-codepraise-2025/app/application/controllers/helpers.rb": {
        "lines": [
          null,
          null,
          1,
          1,
          null,
          1,
          1,
          0,
          0,
          0,
          0,
          null,
          null,
          1,
          null,
          1,
          0,
          null,
          null,
          1,
          0,
          null,
          null,
          null,
          null
        ]
      },
      "/Users/soumyaray/Sync/Dropbox/ossdev/classes/SOA-class/projects/soa2025/api-codepraise-2025/app/application/requests/project_list.rb": {
        "lines": [
          null,
          null,
          1,
          1,
          1,
          null,
          1,
          1,
          null,
          1,
          1,
          null,
          1,
          6,
          null,
          null,
          null,
          1,
          6,
          null,
          null,
          null,
          1,
          null,
          null,
          null,
          null,
          null,
          null,
          null,
          null,
          1,
          6,
          null,
          null,
          null,
          null,
          1,
          5,
          null,
          null,
          null,
          1,
          3,
          null,
          null,
          null,
          null
        ]
      },
      "/Users/soumyaray/Sync/Dropbox/ossdev/classes/SOA-class/projects/soa2025/api-codepraise-2025/app/application/requests/project_request_path.rb": {
        "lines": [
          null,
          null,
          1,
          1,
          null,
          1,
          1,
          5,
          5,
          5,
          5,
          null,
          null,
          1,
          null,
          1,
          4,
          null,
          null,
          1,
          0,
          null,
          null,
          null,
          null
        ]
      },
      "/Users/soumyaray/Sync/Dropbox/ossdev/classes/SOA-class/projects/soa2025/api-codepraise-2025/app/application/services/add_project.rb": {
        "lines": [
          null,
          null,
          1,
          null,
          1,
          1,
          null,
          1,
          1,
          null,
          1,
          1,
          null,
          1,
          null,
          1,
          1,
          null,
          null,
          1,
          12,
          1,
          null,
          11,
          null,
          9,
          null,
          3,
          null,
          null,
          1,
          null,
          9,
          8,
          null,
          1,
          null,
          9,
          null,
          0,
          0,
          null,
          null,
          null,
          null,
          1,
          11,
          null,
          null,
          null,
          3,
          null,
          null,
          1,
          12,
          null,
          null,
          null,
          null,
          null
        ]
      },
      "/Users/soumyaray/Sync/Dropbox/ossdev/classes/SOA-class/projects/soa2025/api-codepraise-2025/app/application/services/appraise_project.rb": {
        "lines": [
          null,
          null,
          1,
          null,
          1,
          1,
          null,
          1,
          1,
          null,
          1,
          1,
          1,
          null,
          1,
          null,
          1,
          1,
          1,
          1,
          1,
          null,
          1,
          7,
          null,
          null,
          null,
          7,
          5,
          null,
          2,
          null,
          null,
          0,
          null,
          null,
          1,
          5,
          5,
          null,
          4,
          null,
          1,
          1,
          null,
          0,
          0,
          null,
          null,
          1,
          4,
          null,
          null,
          3,
          3,
          null,
          1,
          1,
          null,
          null,
          null,
          null,
          1,
          1,
          null,
          null,
          null,
          null,
          null,
          null
        ]
      },
      "/Users/soumyaray/Sync/Dropbox/ossdev/classes/SOA-class/projects/soa2025/api-codepraise-2025/app/application/services/list_projects.rb": {
        "lines": [
          null,
          null,
          1,
          null,
          1,
          1,
          null,
          1,
          1,
          null,
          1,
          1,
          null,
          1,
          null,
          1,
          null,
          null,
          1,
          6,
          6,
          5,
          null,
          1,
          null,
          null,
          null,
          1,
          5,
          5,
          5,
          5,
          null,
          0,
          null,
          null,
          null,
          null,
          null,
          null
        ]
      },
      "/Users/soumyaray/Sync/Dropbox/ossdev/classes/SOA-class/projects/soa2025/api-codepraise-2025/spec/helpers/vcr_helper.rb": {
        "lines": [
          null,
          null,
          1,
          1,
          null,
          null,
          1,
          1,
          1,
          null,
          1,
          7,
          7,
          7,
          7,
          null,
          null,
          null,
          null,
          1,
          30,
          2015,
          2015,
          null,
          null,
          30,
          null,
          null,
          null,
          null,
          null,
          null,
          null,
          1,
          30,
          null,
          null
        ]
      },
      "/Users/soumyaray/Sync/Dropbox/ossdev/classes/SOA-class/projects/soa2025/api-codepraise-2025/spec/helpers/database_helper.rb": {
        "lines": [
          null,
          null,
          null,
          1,
          null,
          1,
          null,
          22,
          22,
          22,
          22,
          null,
          null
        ]
      },
      "/Users/soumyaray/Sync/Dropbox/ossdev/classes/SOA-class/projects/soa2025/api-codepraise-2025/spec/tests/integration/layers/domain_contributions_spec.rb": {
        "lines": [
          null,
          null,
          1,
          1,
          1,
          null,
          1,
          1,
          null,
          1,
          2,
          2,
          null,
          2,
          null,
          null,
          null,
          2,
          null,
          null,
          2,
          2,
          null,
          null,
          1,
          2,
          null,
          null,
          1,
          1,
          1,
          1,
          null,
          1,
          1,
          1,
          null,
          null,
          1,
          null,
          null,
          1,
          null,
          null,
          1,
          null,
          null,
          null,
          1,
          1,
          null,
          1,
          null,
          1,
          null,
          1,
          1,
          null,
          1,
          1,
          null,
          1,
          1,
          null,
          null
        ]
      },
      "/Users/soumyaray/Sync/Dropbox/ossdev/classes/SOA-class/projects/soa2025/api-codepraise-2025/spec/tests/integration/layers/gateway_database_spec.rb": {
        "lines": [
          null,
          null,
          1,
          1,
          1,
          null,
          1,
          1,
          null,
          1,
          1,
          null,
          null,
          1,
          1,
          null,
          null,
          1,
          1,
          1,
          null,
          null,
          1,
          1,
          null,
          null,
          null,
          1,
          null,
          1,
          1,
          1,
          1,
          1,
          1,
          null,
          1,
          3,
          6,
          null,
          null,
          3,
          null,
          null,
          null,
          null,
          null
        ]
      },
      "/Users/soumyaray/Sync/Dropbox/ossdev/classes/SOA-class/projects/soa2025/api-codepraise-2025/spec/tests/integration/layers/github_spec.rb": {
        "lines": [
          null,
          null,
          1,
          1,
          null,
          1,
          1,
          null,
          1,
          8,
          null,
          null,
          1,
          8,
          null,
          null,
          1,
          1,
          4,
          null,
          null,
          null,
          null,
          1,
          1,
          1,
          null,
          null,
          1,
          1,
          null,
          null,
          1,
          1,
          1,
          null,
          null,
          null,
          null,
          null,
          1,
          1,
          1,
          null,
          null,
          null,
          null,
          null,
          null,
          1,
          1,
          4,
          null,
          null,
          null,
          null,
          1,
          1,
          null,
          null,
          1,
          1,
          null,
          null,
          1,
          1,
          1,
          null,
          null,
          1,
          1,
          1,
          null,
          1,
          4,
          1,
          null,
          null,
          null
        ]
      },
      "/Users/soumyaray/Sync/Dropbox/ossdev/classes/SOA-class/projects/soa2025/api-codepraise-2025/spec/tests/integration/services/add_project_spec.rb": {
        "lines": [
          null,
          null,
          1,
          1,
          1,
          null,
          1,
          1,
          null,
          1,
          3,
          null,
          null,
          1,
          3,
          null,
          null,
          1,
          1,
          3,
          null,
          null,
          1,
          null,
          1,
          null,
          null,
          null,
          1,
          null,
          null,
          null,
          null,
          1,
          null,
          null,
          1,
          null,
          1,
          1,
          1,
          1,
          1,
          1,
          null,
          1,
          3,
          6,
          null,
          null,
          3,
          null,
          null,
          null,
          null,
          1,
          null,
          1,
          null,
          null,
          null,
          null,
          1,
          null,
          null,
          null,
          null,
          1,
          null,
          null,
          1,
          1,
          null,
          null,
          1,
          1,
          1,
          1,
          1,
          1,
          null,
          1,
          3,
          6,
          null,
          null,
          3,
          null,
          null,
          null,
          null,
          1,
          null,
          1,
          null,
          null,
          null,
          null,
          1,
          1,
          null,
          null,
          null
        ]
      },
      "/Users/soumyaray/Sync/Dropbox/ossdev/classes/SOA-class/projects/soa2025/api-codepraise-2025/spec/tests/integration/services/appraise_project_spec.rb": {
        "lines": [
          null,
          null,
          1,
          1,
          1,
          null,
          1,
          null,
          1,
          1,
          null,
          1,
          2,
          null,
          null,
          1,
          2,
          null,
          null,
          1,
          1,
          2,
          null,
          null,
          1,
          null,
          1,
          null,
          null,
          1,
          null,
          null,
          1,
          null,
          null,
          null,
          null,
          null,
          null,
          1,
          null,
          null,
          null,
          null,
          1,
          1,
          1,
          1,
          null,
          1,
          1,
          1,
          null,
          null,
          1,
          null,
          null,
          1,
          null,
          null,
          1,
          null,
          null,
          null,
          1,
          null,
          null,
          null,
          1,
          null,
          null,
          null,
          null,
          null,
          null,
          1,
          null,
          null,
          null,
          null,
          1,
          null,
          null,
          null
        ]
      },
      "/Users/soumyaray/Sync/Dropbox/ossdev/classes/SOA-class/projects/soa2025/api-codepraise-2025/spec/tests/integration/services/list_projects_spec.rb": {
        "lines": [
          null,
          null,
          1,
          1,
          1,
          null,
          1,
          null,
          1,
          1,
          null,
          1,
          3,
          null,
          null,
          1,
          3,
          null,
          null,
          1,
          1,
          3,
          null,
          null,
          1,
          null,
          1,
          null,
          null,
          1,
          null,
          null,
          null,
          1,
          null,
          null,
          1,
          null,
          null,
          null,
          1,
          1,
          1,
          null,
          null,
          1,
          null,
          1,
          null,
          null,
          1,
          null,
          null,
          null,
          1,
          1,
          null,
          null,
          null,
          null,
          1,
          1,
          1,
          null,
          null,
          1,
          null,
          1,
          null,
          null,
          null,
          null,
          1,
          null,
          null,
          null,
          null,
          1,
          1,
          1,
          null,
          null,
          null
        ]
      },
      "/Users/soumyaray/Sync/Dropbox/ossdev/classes/SOA-class/projects/soa2025/api-codepraise-2025/spec/tests/unit/gateway_git_spec.rb": {
        "lines": [
          null,
          null,
          1,
          null,
          1,
          1,
          null,
          1,
          1,
          1,
          null,
          null,
          null,
          null,
          null,
          1,
          null,
          null,
          1,
          1,
          null,
          null,
          null,
          null,
          1,
          null,
          null
        ]
      },
      "/Users/soumyaray/Sync/Dropbox/ossdev/classes/SOA-class/projects/soa2025/api-codepraise-2025/spec/tests/unit/local_cache_spec.rb": {
        "lines": [
          null,
          null,
          1,
          1,
          null,
          1,
          1,
          null,
          null,
          5,
          5,
          5,
          null,
          null,
          null,
          null,
          null,
          1,
          null,
          null,
          5,
          null,
          null,
          1,
          1,
          null,
          1,
          null,
          null,
          1,
          1,
          null,
          null,
          1,
          1,
          1,
          1,
          1,
          1,
          null,
          1,
          null,
          1,
          1,
          1,
          null,
          null,
          1,
          1,
          null,
          1,
          null,
          1,
          null,
          null,
          1,
          1,
          null,
          null,
          1,
          1,
          1,
          1,
          1,
          1,
          null,
          null,
          1,
          null,
          null,
          1,
          null,
          null,
          1,
          null,
          1,
          null,
          null,
          1,
          1,
          null,
          null,
          1,
          null,
          1,
          null,
          null
        ]
      },
      "/Users/soumyaray/Sync/Dropbox/ossdev/classes/SOA-class/projects/soa2025/api-codepraise-2025/spec/tests/unit/result_spec.rb": {
        "lines": [
          null,
          null,
          1,
          null,
          1,
          1,
          1,
          null,
          1,
          1,
          null,
          null,
          1,
          1,
          null,
          1,
          1,
          null,
          null,
          1,
          1,
          1,
          null,
          null,
          null
        ]
      }
    },
    "timestamp": 1764473876
  }
}
